<?xml version="1.0" encoding="UTF-8"?>
<testng-results ignored="0" total="1" passed="1" failed="0" skipped="0">
  <reporter-output>
  </reporter-output>
  <suite started-at="2022-01-24T01:16:57 CET" name="Default suite" finished-at="2022-01-24T01:17:01 CET" duration-ms="3977">
    <groups>
    </groups>
    <test started-at="2022-01-24T01:16:57 CET" name="Default test" finished-at="2022-01-24T01:17:01 CET" duration-ms="3977">
      <class name="apiTasks.apiTask1">
        <test-method signature="f()[pri:0, instance:apiTasks.apiTask1@3eb7fc54]" started-at="2022-01-24T01:16:57 CET" name="f" finished-at="2022-01-24T01:17:01 CET" duration-ms="3938" status="PASS">
          <reporter-output>
          </reporter-output>
        </test-method> <!-- f -->
      </class> <!-- apiTasks.apiTask1 -->
    </test> <!-- Default test -->
  </suite> <!-- Default suite -->
</testng-results>
